# JRE version: Java(TM) SE Runtime Environment (8.0_51-b16) (build 1.8.0_51-b16)
# Java VM: Java HotSpot(TM) 64-Bit Server VM (25.51-b03 mixed mode windows-amd64 compressed oops)
Heap:
 PSYoungGen      total 2560K, used 2326K [0x00000000eb180000, 0x00000000eba80000, 0x0000000100000000)
  eden space 2048K, 89% used [0x00000000eb180000,0x00000000eb349b08,0x00000000eb380000)
  from space 512K, 96% used [0x00000000eb500000,0x00000000eb57c010,0x00000000eb580000)
  to   space 1536K, 0% used [0x00000000eb380000,0x00000000eb380000,0x00000000eb500000)
 ParOldGen       total 5632K, used 1675K [0x00000000c1400000, 0x00000000c1980000, 0x00000000eb180000)
  object space 5632K, 29% used [0x00000000c1400000,0x00000000c15a2d38,0x00000000c1980000)
 Metaspace       used 7611K, capacity 8212K, committed 8448K, reserved 1056768K
  class space    used 930K, capacity 976K, committed 1024K, reserved 1048576K
GC Heap History (10 events):
Event: 0.791 GC heap before
{Heap before GC invocations=2 (full 0):
 PSYoungGen      total 2048K, used 2032K [0x00000000eb180000, 0x00000000eb400000, 0x0000000100000000)
  eden space 1536K, 100% used [0x00000000eb180000,0x00000000eb300000,0x00000000eb300000)
  from space 512K, 96% used [0x00000000eb300000,0x00000000eb37c010,0x00000000eb380000)
  to   space 512K, 0% used [0x00000000eb380000,0x00000000eb380000,0x00000000eb400000)
 ParOldGen       total 5632K, used 144K [0x00000000c1400000, 0x00000000c1980000, 0x00000000eb180000)
  object space 5632K, 2% used [0x00000000c1400000,0x00000000c1424010,0x00000000c1980000)
 Metaspace       used 4356K, capacity 5364K, committed 5504K, reserved 1056768K
  class space    used 510K, capacity 560K, committed 640K, reserved 1048576K
Event: 0.794 GC heap after
Heap after GC invocations=2 (full 0):
 PSYoungGen      total 2048K, used 496K [0x00000000eb180000, 0x00000000eb580000, 0x0000000100000000)
  eden space 1536K, 0% used [0x00000000eb180000,0x00000000eb180000,0x00000000eb300000)
  from space 512K, 96% used [0x00000000eb380000,0x00000000eb3fc010,0x00000000eb400000)
  to   space 512K, 0% used [0x00000000eb300000,0x00000000eb300000,0x00000000eb380000)
 ParOldGen       total 5632K, used 248K [0x00000000c1400000, 0x00000000c1980000, 0x00000000eb180000)
  object space 5632K, 4% used [0x00000000c1400000,0x00000000c143e010,0x00000000c1980000)
 Metaspace       used 4356K, capacity 5364K, committed 5504K, reserved 1056768K
  class space    used 510K, capacity 560K, committed 640K, reserved 1048576K
}
Event: 0.896 GC heap before
{Heap before GC invocations=3 (full 0):
 PSYoungGen      total 2048K, used 2032K [0x00000000eb180000, 0x00000000eb580000, 0x0000000100000000)
  eden space 1536K, 100% used [0x00000000eb180000,0x00000000eb300000,0x00000000eb300000)
  from space 512K, 96% used [0x00000000eb380000,0x00000000eb3fc010,0x00000000eb400000)
  to   space 512K, 0% used [0x00000000eb300000,0x00000000eb300000,0x00000000eb380000)
 ParOldGen       total 5632K, used 248K [0x00000000c1400000, 0x00000000c1980000, 0x00000000eb180000)
  object space 5632K, 4% used [0x00000000c1400000,0x00000000c143e010,0x00000000c1980000)
 Metaspace       used 4859K, capacity 5812K, committed 6016K, reserved 1056768K
  class space    used 586K, capacity 624K, committed 640K, reserved 1048576K
Event: 0.899 GC heap after
Heap after GC invocations=3 (full 0):
 PSYoungGen      total 2048K, used 512K [0x00000000eb180000, 0x00000000eb580000, 0x0000000100000000)
  eden space 1536K, 0% used [0x00000000eb180000,0x00000000eb180000,0x00000000eb300000)
  from space 512K, 100% used [0x00000000eb300000,0x00000000eb380000,0x00000000eb380000)
  to   space 512K, 0% used [0x00000000eb500000,0x00000000eb500000,0x00000000eb580000)
 ParOldGen       total 5632K, used 672K [0x00000000c1400000, 0x00000000c1980000, 0x00000000eb180000)
  object space 5632K, 11% used [0x00000000c1400000,0x00000000c14a8030,0x00000000c1980000)
 Metaspace       used 4859K, capacity 5812K, committed 6016K, reserved 1056768K
  class space    used 586K, capacity 624K, committed 640K, reserved 1048576K
}
Event: 1.015 GC heap before
{Heap before GC invocations=4 (full 0):
 PSYoungGen      total 2048K, used 2035K [0x00000000eb180000, 0x00000000eb580000, 0x0000000100000000)
  eden space 1536K, 99% used [0x00000000eb180000,0x00000000eb2fcf88,0x00000000eb300000)
  from space 512K, 100% used [0x00000000eb300000,0x00000000eb380000,0x00000000eb380000)
  to   space 512K, 0% used [0x00000000eb500000,0x00000000eb500000,0x00000000eb580000)
 ParOldGen       total 5632K, used 672K [0x00000000c1400000, 0x00000000c1980000, 0x00000000eb180000)
  object space 5632K, 11% used [0x00000000c1400000,0x00000000c14a8030,0x00000000c1980000)
 Metaspace       used 5356K, capacity 6260K, committed 6400K, reserved 1056768K
  class space    used 652K, capacity 688K, committed 768K, reserved 1048576K
Event: 1.017 GC heap after
Heap after GC invocations=4 (full 0):
 PSYoungGen      total 3584K, used 495K [0x00000000eb180000, 0x00000000eb580000, 0x0000000100000000)
  eden space 3072K, 0% used [0x00000000eb180000,0x00000000eb180000,0x00000000eb480000)
  from space 512K, 96% used [0x00000000eb500000,0x00000000eb57bc20,0x00000000eb580000)
  to   space 512K, 0% used [0x00000000eb480000,0x00000000eb480000,0x00000000eb500000)
 ParOldGen       total 5632K, used 768K [0x00000000c1400000, 0x00000000c1980000, 0x00000000eb180000)
  object space 5632K, 13% used [0x00000000c1400000,0x00000000c14c0030,0x00000000c1980000)
 Metaspace       used 5356K, capacity 6260K, committed 6400K, reserved 1056768K
  class space    used 652K, capacity 688K, committed 768K, reserved 1048576K
}
Event: 1.254 GC heap before
{Heap before GC invocations=5 (full 0):
 PSYoungGen      total 3584K, used 3567K [0x00000000eb180000, 0x00000000eb580000, 0x0000000100000000)
  eden space 3072K, 100% used [0x00000000eb180000,0x00000000eb480000,0x00000000eb480000)
  from space 512K, 96% used [0x00000000eb500000,0x00000000eb57bc20,0x00000000eb580000)
  to   space 512K, 0% used [0x00000000eb480000,0x00000000eb480000,0x00000000eb500000)
 ParOldGen       total 5632K, used 768K [0x00000000c1400000, 0x00000000c1980000, 0x00000000eb180000)
  object space 5632K, 13% used [0x00000000c1400000,0x00000000c14c0030,0x00000000c1980000)
 Metaspace       used 6487K, capacity 7284K, committed 7552K, reserved 1056768K
  class space    used 804K, capacity 816K, committed 896K, reserved 1048576K
Event: 1.256 GC heap after
Heap after GC invocations=5 (full 0):
 PSYoungGen      total 3584K, used 512K [0x00000000eb180000, 0x00000000eb580000, 0x0000000100000000)
  eden space 3072K, 0% used [0x00000000eb180000,0x00000000eb180000,0x00000000eb480000)
  from space 512K, 100% used [0x00000000eb480000,0x00000000eb500000,0x00000000eb500000)
  to   space 512K, 0% used [0x00000000eb500000,0x00000000eb500000,0x00000000eb580000)
 ParOldGen       total 5632K, used 1077K [0x00000000c1400000, 0x00000000c1980000, 0x00000000eb180000)
  object space 5632K, 19% used [0x00000000c1400000,0x00000000c150d550,0x00000000c1980000)
 Metaspace       used 6487K, capacity 7284K, committed 7552K, reserved 1056768K
  class space    used 804K, capacity 816K, committed 896K, reserved 1048576K
}
Event: 2.072 GC heap before
{Heap before GC invocations=6 (full 0):
 PSYoungGen      total 3584K, used 3330K [0x00000000eb180000, 0x00000000eb580000, 0x0000000100000000)
  eden space 3072K, 91% used [0x00000000eb180000,0x00000000eb4409b8,0x00000000eb480000)
  from space 512K, 100% used [0x00000000eb480000,0x00000000eb500000,0x00000000eb500000)
  to   space 512K, 0% used [0x00000000eb500000,0x00000000eb500000,0x00000000eb580000)
 ParOldGen       total 5632K, used 1077K [0x00000000c1400000, 0x00000000c1980000, 0x00000000eb180000)
  object space 5632K, 19% used [0x00000000c1400000,0x00000000c150d550,0x00000000c1980000)
 Metaspace       used 7526K, capacity 8148K, committed 8448K, reserved 1056768K
  class space    used 918K, capacity 976K, committed 1024K, reserved 1048576K
Event: 2.077 GC heap after
Heap after GC invocations=6 (full 0):
 PSYoungGen      total 2560K, used 496K [0x00000000eb180000, 0x00000000eba80000, 0x0000000100000000)
  eden space 2048K, 0% used [0x00000000eb180000,0x00000000eb180000,0x00000000eb380000)
  from space 512K, 96% used [0x00000000eb500000,0x00000000eb57c010,0x00000000eb580000)
  to   space 1536K, 0% used [0x00000000eb380000,0x00000000eb380000,0x00000000eb500000)
 ParOldGen       total 5632K, used 1675K [0x00000000c1400000, 0x00000000c1980000, 0x00000000eb180000)
  object space 5632K, 29% used [0x00000000c1400000,0x00000000c15a2d38,0x00000000c1980000)
 Metaspace       used 7526K, capacity 8148K, committed 8448K, reserved 1056768K
  class space    used 918K, capacity 976K, committed 1024K, reserved 1048576K
}

